<?xml version="1.0" encoding="UTF-8"?>
<testng-results ignored="0" total="5" passed="5" failed="0" skipped="0">
  <reporter-output>
  </reporter-output>
  <suite started-at="2022-08-28T14:11:03 IST" name="Suite" finished-at="2022-08-28T14:12:20 IST" duration-ms="76516">
    <groups>
      <group name="cucumber">
        <method signature="AbstractTestNGCucumberTests.runScenario(io.cucumber.testng.PickleWrapper,io.cucumber.testng.FeatureWrapper)[pri:0, instance:in.amazon.testscripts.TestRunner@4145bad8]" name="runScenario" class="io.cucumber.testng.AbstractTestNGCucumberTests"/>
      </group> <!-- cucumber -->
    </groups>
    <test started-at="2022-08-28T14:11:03 IST" name="Test" finished-at="2022-08-28T14:12:20 IST" duration-ms="76516">
      <class name="in.amazon.testscripts.TestRunner">
        <test-method is-config="true" signature="setUpClass(org.testng.ITestContext)[pri:0, instance:in.amazon.testscripts.TestRunner@4145bad8]" started-at="2022-08-28T14:11:03 IST" name="setUpClass" finished-at="2022-08-28T14:11:04 IST" duration-ms="351" status="PASS">
          <params>
            <param index="0">
              <value>
                <![CDATA[org.testng.TestRunner@385d819]]>
              </value>
            </param>
          </params>
          <reporter-output>
          </reporter-output>
        </test-method> <!-- setUpClass -->
        <test-method signature="runScenario(io.cucumber.testng.PickleWrapper,io.cucumber.testng.FeatureWrapper)[pri:0, instance:in.amazon.testscripts.TestRunner@4145bad8]" started-at="2022-08-28T14:11:04 IST" name="runScenario" description="Runs Cucumber Scenarios" data-provider="scenarios" finished-at="2022-08-28T14:11:21 IST" duration-ms="16944" status="PASS">
          <params>
            <param index="0">
              <value>
                <![CDATA["Testing login functionality with multiple invalid usernames"]]>
              </value>
            </param>
            <param index="1">
              <value>
                <![CDATA["Login functionality test with multiple credentials"]]>
              </value>
            </param>
          </params>
          <reporter-output>
          </reporter-output>
        </test-method> <!-- runScenario -->
        <test-method signature="runScenario(io.cucumber.testng.PickleWrapper,io.cucumber.testng.FeatureWrapper)[pri:0, instance:in.amazon.testscripts.TestRunner@4145bad8]" started-at="2022-08-28T14:11:21 IST" name="runScenario" description="Runs Cucumber Scenarios" data-provider="scenarios" finished-at="2022-08-28T14:11:35 IST" duration-ms="14109" status="PASS">
          <params>
            <param index="0">
              <value>
                <![CDATA["Testing login functionality with multiple invalid usernames"]]>
              </value>
            </param>
            <param index="1">
              <value>
                <![CDATA["Login functionality test with multiple credentials"]]>
              </value>
            </param>
          </params>
          <reporter-output>
          </reporter-output>
        </test-method> <!-- runScenario -->
        <test-method signature="runScenario(io.cucumber.testng.PickleWrapper,io.cucumber.testng.FeatureWrapper)[pri:0, instance:in.amazon.testscripts.TestRunner@4145bad8]" started-at="2022-08-28T14:11:35 IST" name="runScenario" description="Runs Cucumber Scenarios" data-provider="scenarios" finished-at="2022-08-28T14:11:51 IST" duration-ms="16513" status="PASS">
          <params>
            <param index="0">
              <value>
                <![CDATA["Testing login functionality with multiple invalid usernames"]]>
              </value>
            </param>
            <param index="1">
              <value>
                <![CDATA["Login functionality test with multiple credentials"]]>
              </value>
            </param>
          </params>
          <reporter-output>
          </reporter-output>
        </test-method> <!-- runScenario -->
        <test-method signature="runScenario(io.cucumber.testng.PickleWrapper,io.cucumber.testng.FeatureWrapper)[pri:0, instance:in.amazon.testscripts.TestRunner@4145bad8]" started-at="2022-08-28T14:11:51 IST" name="runScenario" description="Runs Cucumber Scenarios" data-provider="scenarios" finished-at="2022-08-28T14:12:05 IST" duration-ms="13990" status="PASS">
          <params>
            <param index="0">
              <value>
                <![CDATA["Testing login functionality with multiple invalid usernames"]]>
              </value>
            </param>
            <param index="1">
              <value>
                <![CDATA["Login functionality test with multiple credentials"]]>
              </value>
            </param>
          </params>
          <reporter-output>
          </reporter-output>
        </test-method> <!-- runScenario -->
        <test-method signature="runScenario(io.cucumber.testng.PickleWrapper,io.cucumber.testng.FeatureWrapper)[pri:0, instance:in.amazon.testscripts.TestRunner@4145bad8]" started-at="2022-08-28T14:12:05 IST" name="runScenario" description="Runs Cucumber Scenarios" data-provider="scenarios" finished-at="2022-08-28T14:12:20 IST" duration-ms="14563" status="PASS">
          <params>
            <param index="0">
              <value>
                <![CDATA["Testing login functionality with multiple invalid usernames"]]>
              </value>
            </param>
            <param index="1">
              <value>
                <![CDATA["Login functionality test with multiple credentials"]]>
              </value>
            </param>
          </params>
          <reporter-output>
          </reporter-output>
        </test-method> <!-- runScenario -->
        <test-method is-config="true" signature="tearDownClass()[pri:0, instance:in.amazon.testscripts.TestRunner@4145bad8]" started-at="2022-08-28T14:12:20 IST" name="tearDownClass" finished-at="2022-08-28T14:12:20 IST" duration-ms="21" status="PASS">
          <reporter-output>
          </reporter-output>
        </test-method> <!-- tearDownClass -->
      </class> <!-- in.amazon.testscripts.TestRunner -->
    </test> <!-- Test -->
  </suite> <!-- Suite -->
</testng-results>
